Using pre-set license
Built from '2021.3/staging' branch; Version is '2021.3.26f1 (a16dc32e0ff2) revision 10579395'; Using compiler version '192829333'; Build Type 'Release'
OS: 'Windows 10  (10.0.19045) 64bit CoreSingleLanguage' Language: 'ru' Physical Memory: 16250 MB
BatchMode: 1, IsHumanControllingUs: 0, StartBugReporterOnCrash: 0, Is64bit: 1, IsPro: 1

COMMAND LINE ARGUMENTS:
C:\Program Files\Unity\Hub\Editor\2021.3.26f1\Editor\Unity.exe
-adb2
-batchMode
-noUpm
-name
AssetImportWorker0
-projectPath
S:/git repository/practice-11/Practice - 11
-logFile
Logs/AssetImportWorker0.log
-srvPort
54402
Successfully changed project path to: S:/git repository/practice-11/Practice - 11
S:/git repository/practice-11/Practice - 11
[UnityMemory] Configuration Parameters - Can be set up in boot.config
    "memorysetup-bucket-allocator-granularity=16"
    "memorysetup-bucket-allocator-bucket-count=8"
    "memorysetup-bucket-allocator-block-size=33554432"
    "memorysetup-bucket-allocator-block-count=8"
    "memorysetup-main-allocator-block-size=16777216"
    "memorysetup-thread-allocator-block-size=16777216"
    "memorysetup-gfx-main-allocator-block-size=16777216"
    "memorysetup-gfx-thread-allocator-block-size=16777216"
    "memorysetup-cache-allocator-block-size=4194304"
    "memorysetup-typetree-allocator-block-size=2097152"
    "memorysetup-profiler-bucket-allocator-granularity=16"
    "memorysetup-profiler-bucket-allocator-bucket-count=8"
    "memorysetup-profiler-bucket-allocator-block-size=33554432"
    "memorysetup-profiler-bucket-allocator-block-count=8"
    "memorysetup-profiler-allocator-block-size=16777216"
    "memorysetup-profiler-editor-allocator-block-size=1048576"
    "memorysetup-temp-allocator-size-main=16777216"
    "memorysetup-job-temp-allocator-block-size=2097152"
    "memorysetup-job-temp-allocator-block-size-background=1048576"
    "memorysetup-job-temp-allocator-reduction-small-platforms=262144"
    "memorysetup-temp-allocator-size-background-worker=32768"
    "memorysetup-temp-allocator-size-job-worker=262144"
    "memorysetup-temp-allocator-size-preload-manager=33554432"
    "memorysetup-temp-allocator-size-nav-mesh-worker=65536"
    "memorysetup-temp-allocator-size-audio-worker=65536"
    "memorysetup-temp-allocator-size-cloud-worker=32768"
    "memorysetup-temp-allocator-size-gi-baking-worker=262144"
    "memorysetup-temp-allocator-size-gfx=262144"
Player connection [26376] Host "[IP] 192.168.100.5 [Port] 0 [Flags] 2 [Guid] 1502606535 [EditorId] 1502606535 [Version] 1048832 [Id] WindowsEditor(7,DESKTOP-GJALGG5) [Debug] 1 [PackageName] WindowsEditor [ProjectName] Editor" joined multi-casting on [225.0.0.222:54997]...

Player connection [26376] Host "[IP] 192.168.100.5 [Port] 0 [Flags] 2 [Guid] 1502606535 [EditorId] 1502606535 [Version] 1048832 [Id] WindowsEditor(7,DESKTOP-GJALGG5) [Debug] 1 [PackageName] WindowsEditor [ProjectName] Editor" joined alternative multi-casting on [225.0.0.222:34997]...

Refreshing native plugins compatible for Editor in 104.48 ms, found 3 plugins.
Preloading 0 native plugins for Editor in 0.00 ms.
Initialize engine version: 2021.3.26f1 (a16dc32e0ff2)
[Subsystems] Discovering subsystems at path C:/Program Files/Unity/Hub/Editor/2021.3.26f1/Editor/Data/Resources/UnitySubsystems
[Subsystems] Discovering subsystems at path S:/git repository/practice-11/Practice - 11/Assets
GfxDevice: creating device client; threaded=0; jobified=0
Direct3D:
    Version:  Direct3D 11.0 [level 11.1]
    Renderer: NVIDIA GeForce GTX 1050 (ID=0x1c8d)
    Vendor:   NVIDIA
    VRAM:     4004 MB
    Driver:   32.0.15.6603
Initialize mono
Mono path[0] = 'C:/Program Files/Unity/Hub/Editor/2021.3.26f1/Editor/Data/Managed'
Mono path[1] = 'C:/Program Files/Unity/Hub/Editor/2021.3.26f1/Editor/Data/MonoBleedingEdge/lib/mono/unityjit-win32'
Mono config path = 'C:/Program Files/Unity/Hub/Editor/2021.3.26f1/Editor/Data/MonoBleedingEdge/etc'
Using monoOptions --debugger-agent=transport=dt_socket,embedding=1,server=y,suspend=n,address=127.0.0.1:56072
Begin MonoManager ReloadAssembly
Registering precompiled unity dll's ...
Register platform support module: C:/Program Files/Unity/Hub/Editor/2021.3.26f1/Editor/Data/PlaybackEngines/AndroidPlayer/UnityEditor.Android.Extensions.dll
Register platform support module: C:/Program Files/Unity/Hub/Editor/2021.3.26f1/Editor/Data/PlaybackEngines/WindowsStandaloneSupport/UnityEditor.WindowsStandalone.Extensions.dll
Registered in 0.011335 seconds.
Native extension for WindowsStandalone target not found
Native extension for Android target not found
Android Extension - Scanning For ADB Devices 358 ms
Refreshing native plugins compatible for Editor in 102.30 ms, found 3 plugins.
Preloading 0 native plugins for Editor in 0.00 ms.
Mono: successfully reloaded assembly
- Completed reload, in  1.304 seconds
Domain Reload Profiling:
	ReloadAssembly (1305ms)
		BeginReloadAssembly (133ms)
			ExecutionOrderSort (0ms)
			DisableScriptedObjects (0ms)
			BackupInstance (0ms)
			ReleaseScriptingObjects (0ms)
			CreateAndSetChildDomain (1ms)
		EndReloadAssembly (1031ms)
			LoadAssemblies (130ms)
			RebuildTransferFunctionScriptingTraits (0ms)
			SetupTypeCache (158ms)
			ReleaseScriptCaches (0ms)
			RebuildScriptCaches (42ms)
			SetupLoadedEditorAssemblies (764ms)
				LogAssemblyErrors (0ms)
				InitializePlatformSupportModulesInManaged (475ms)
				SetLoadedEditorAssemblies (0ms)
				RefreshPlugins (102ms)
				BeforeProcessingInitializeOnLoad (2ms)
				ProcessInitializeOnLoadAttributes (122ms)
				ProcessInitializeOnLoadMethodAttributes (62ms)
				AfterProcessingInitializeOnLoad (0ms)
				EditorAssembliesLoaded (0ms)
			ExecutionOrderSort2 (0ms)
			AwakeInstancesAfterBackupRestoration (0ms)
Platform modules already initialized, skipping
Registering precompiled user dll's ...
Registered in 0.005148 seconds.
Begin MonoManager ReloadAssembly
Symbol file LoadedFromMemory doesn't match image S:\git repository\practice-11\Practice - 11\Library\PackageCache\com.unity.visualscripting@1.8.0\Editor\VisualScripting.Core\Dependencies\YamlDotNet\Unity.VisualScripting.YamlDotNet.dll
Symbol file LoadedFromMemory doesn't match image S:\git repository\practice-11\Practice - 11\Library\PackageCache\com.unity.visualscripting@1.8.0\Editor\VisualScripting.Core\Dependencies\DotNetZip\Unity.VisualScripting.IonicZip.dll
Native extension for WindowsStandalone target not found
Native extension for Android target not found
Refreshing native plugins compatible for Editor in 0.58 ms, found 3 plugins.
Preloading 0 native plugins for Editor in 0.00 ms.
Mono: successfully reloaded assembly
- Completed reload, in  1.385 seconds
Domain Reload Profiling:
	ReloadAssembly (1386ms)
		BeginReloadAssembly (166ms)
			ExecutionOrderSort (0ms)
			DisableScriptedObjects (9ms)
			BackupInstance (0ms)
			ReleaseScriptingObjects (0ms)
			CreateAndSetChildDomain (26ms)
		EndReloadAssembly (1081ms)
			LoadAssemblies (125ms)
			RebuildTransferFunctionScriptingTraits (0ms)
			SetupTypeCache (368ms)
			ReleaseScriptCaches (1ms)
			RebuildScriptCaches (71ms)
			SetupLoadedEditorAssemblies (486ms)
				LogAssemblyErrors (0ms)
				InitializePlatformSupportModulesInManaged (29ms)
				SetLoadedEditorAssemblies (1ms)
				RefreshPlugins (1ms)
				BeforeProcessingInitializeOnLoad (117ms)
				ProcessInitializeOnLoadAttributes (301ms)
				ProcessInitializeOnLoadMethodAttributes (26ms)
				AfterProcessingInitializeOnLoad (12ms)
				EditorAssembliesLoaded (0ms)
			ExecutionOrderSort2 (0ms)
			AwakeInstancesAfterBackupRestoration (7ms)
Platform modules already initialized, skipping
========================================================================
Worker process is ready to serve import requests
Launched and connected shader compiler UnityShaderCompiler.exe after 0.06 seconds
Refreshing native plugins compatible for Editor in 0.76 ms, found 3 plugins.
Preloading 0 native plugins for Editor in 0.00 ms.
Unloading 3443 Unused Serialized files (Serialized files now loaded: 0)
Unloading 23 unused Assets / (340.3 KB). Loaded Objects now: 3909.
Memory consumption went from 128.7 MB to 128.4 MB.
Total: 3.808000 ms (FindLiveObjects: 0.309200 ms CreateObjectMapping: 0.221400 ms MarkObjects: 3.070500 ms  DeleteObjects: 0.206100 ms)

AssetImportParameters requested are different than current active one (requested -> active):
  custom:video-decoder-ogg-theora: a1e56fd34408186e4bbccfd4996cb3dc -> 
  custom:container-muxer-webm: aa71ff27fc2769a1b78a27578f13a17b -> 
  custom:container-demuxer-webm: 4f35f7cbe854078d1ac9338744f61a02 -> 
  custom:video-encoder-webm-vp8: eb34c28f22e8b96e1ab97ce403110664 -> 
  custom:audio-encoder-webm-vorbis: bf7c407c2cedff20999df2af8eb42d56 -> 
  custom:framework-win-MediaFoundation: 216162199b28c13a410421893ffa2e32 -> 
  custom:container-demuxer-ogg: 62fdf1f143b41e24485cea50d1cbac27 -> 
  custom:video-decoder-webm-vp8: 9c59270c3fd7afecdb556c50c9e8de78 -> 
  custom:audio-decoder-ogg-vorbis: bf7c407c2cedff20999df2af8eb42d56 -> 
========================================================================
Received Import Request.
  Time since last request: 1213865.610358 seconds.
  path: Assets/import/Obstacle Pack/Models/Hammer.fbx
  artifactKey: Guid(2e40c19008c5c43d1a3c7f9ce1fd700f) Importer(815301076,1909f56bfc062723c751e8b465ee728b)
Start importing Assets/import/Obstacle Pack/Models/Hammer.fbx using Guid(2e40c19008c5c43d1a3c7f9ce1fd700f) Importer(815301076,1909f56bfc062723c751e8b465ee728b)  -> (artifact id: 'b412cb6d150556519e50bec7291b22c0') in 0.764763 seconds 
========================================================================
Received Import Request.
  Time since last request: 0.000053 seconds.
  path: Assets/import/Obstacle Pack/Models/jump trap.fbx
  artifactKey: Guid(ff9f866c3c16c492ba5492dee05cd736) Importer(815301076,1909f56bfc062723c751e8b465ee728b)
Start importing Assets/import/Obstacle Pack/Models/jump trap.fbx using Guid(ff9f866c3c16c492ba5492dee05cd736) Importer(815301076,1909f56bfc062723c751e8b465ee728b)  -> (artifact id: 'f2073f71bbb8d378e8b89c64eec97860') in 0.061848 seconds 
========================================================================
Received Import Request.
  Time since last request: 0.000032 seconds.
  path: Assets/import/Obstacle Pack/Models/oil.fbx
  artifactKey: Guid(4b4fe8307923e46acb10ba551fa0995d) Importer(815301076,1909f56bfc062723c751e8b465ee728b)
Start importing Assets/import/Obstacle Pack/Models/oil.fbx using Guid(4b4fe8307923e46acb10ba551fa0995d) Importer(815301076,1909f56bfc062723c751e8b465ee728b)  -> (artifact id: '04edf44c23490e5645530c174da15c6e') in 0.036148 seconds 
========================================================================
Received Import Request.
  Time since last request: 0.000038 seconds.
  path: Assets/import/Obstacle Pack/Models/spin blade.fbx
  artifactKey: Guid(dcccae8e4d8234e82bebbb88f979ca13) Importer(815301076,1909f56bfc062723c751e8b465ee728b)
Start importing Assets/import/Obstacle Pack/Models/spin blade.fbx using Guid(dcccae8e4d8234e82bebbb88f979ca13) Importer(815301076,1909f56bfc062723c751e8b465ee728b)  -> (artifact id: '66b0c0998e0abd80f745b2387319ba53') in 0.036700 seconds 
========================================================================
Received Import Request.
  Time since last request: 0.000017 seconds.
  path: Assets/import/Obstacle Pack/Models/blade.fbx
  artifactKey: Guid(f29a19d4489b24447876d7d59d4baf9c) Importer(815301076,1909f56bfc062723c751e8b465ee728b)
Start importing Assets/import/Obstacle Pack/Models/blade.fbx using Guid(f29a19d4489b24447876d7d59d4baf9c) Importer(815301076,1909f56bfc062723c751e8b465ee728b)  -> (artifact id: '51119c5172bddcd2d15828a8bab5b636') in 0.073962 seconds 
========================================================================
Received Import Request.
  Time since last request: 0.000021 seconds.
  path: Assets/import/Obstacle Pack/Models/obstacle gyotine.fbx
  artifactKey: Guid(25a54c8ac39a8496dac11bc706c375e0) Importer(815301076,1909f56bfc062723c751e8b465ee728b)
Start importing Assets/import/Obstacle Pack/Models/obstacle gyotine.fbx using Guid(25a54c8ac39a8496dac11bc706c375e0) Importer(815301076,1909f56bfc062723c751e8b465ee728b)  -> (artifact id: 'b62b9e7282af78fd9838a5bd42ca12f5') in 0.065343 seconds 
========================================================================
Received Import Request.
  Time since last request: 0.000021 seconds.
  path: Assets/import/Obstacle Pack/Models/log_trap2.fbx
  artifactKey: Guid(28052bd2800d245a6a9d447d30576b92) Importer(815301076,1909f56bfc062723c751e8b465ee728b)
Start importing Assets/import/Obstacle Pack/Models/log_trap2.fbx using Guid(28052bd2800d245a6a9d447d30576b92) Importer(815301076,1909f56bfc062723c751e8b465ee728b)  -> (artifact id: '767047a40ca9002ad97d7adec2fe3b25') in 0.038506 seconds 
========================================================================
Received Import Request.
  Time since last request: 0.000032 seconds.
  path: Assets/import/Obstacle Pack/Models/blade spinner.fbx
  artifactKey: Guid(6921ab2820b854ad2a9b959bf8a2a522) Importer(815301076,1909f56bfc062723c751e8b465ee728b)
Start importing Assets/import/Obstacle Pack/Models/blade spinner.fbx using Guid(6921ab2820b854ad2a9b959bf8a2a522) Importer(815301076,1909f56bfc062723c751e8b465ee728b)  -> (artifact id: '713e0a168de23cf2bef93574363af43c') in 0.045877 seconds 
========================================================================
Received Import Request.
  Time since last request: 0.000019 seconds.
  path: Assets/import/Obstacle Pack/Models/obstacle flamethrower.fbx
  artifactKey: Guid(7df3c6926fd734353aac4d8ee499c250) Importer(815301076,1909f56bfc062723c751e8b465ee728b)
Start importing Assets/import/Obstacle Pack/Models/obstacle flamethrower.fbx using Guid(7df3c6926fd734353aac4d8ee499c250) Importer(815301076,1909f56bfc062723c751e8b465ee728b)  -> (artifact id: '4dc84a8352822e3223879964db54a773') in 0.037181 seconds 
========================================================================
Received Import Request.
  Time since last request: 0.000020 seconds.
  path: Assets/import/Obstacle Pack/Models/log_trap.fbx
  artifactKey: Guid(8ff877e7e6785418482c6e94edcc8a03) Importer(815301076,1909f56bfc062723c751e8b465ee728b)
Start importing Assets/import/Obstacle Pack/Models/log_trap.fbx using Guid(8ff877e7e6785418482c6e94edcc8a03) Importer(815301076,1909f56bfc062723c751e8b465ee728b)  -> (artifact id: 'b374d39069b381b9d87b27140e4b43fd') in 0.048907 seconds 
========================================================================
Received Import Request.
  Time since last request: 0.000020 seconds.
  path: Assets/import/Obstacle Pack/Models/ice wall 2.fbx
  artifactKey: Guid(9e4f120c535ce4da787b641912506946) Importer(815301076,1909f56bfc062723c751e8b465ee728b)
Start importing Assets/import/Obstacle Pack/Models/ice wall 2.fbx using Guid(9e4f120c535ce4da787b641912506946) Importer(815301076,1909f56bfc062723c751e8b465ee728b)  -> (artifact id: '1b7381d03f140bdbb00d7dd1b07ac278') in 0.036471 seconds 
========================================================================
Received Import Request.
  Time since last request: 0.000031 seconds.
  path: Assets/import/Obstacle Pack/Models/press.fbx
  artifactKey: Guid(4482214f8933546f6997609946a510bd) Importer(815301076,1909f56bfc062723c751e8b465ee728b)
Start importing Assets/import/Obstacle Pack/Models/press.fbx using Guid(4482214f8933546f6997609946a510bd) Importer(815301076,1909f56bfc062723c751e8b465ee728b)  -> (artifact id: 'b9b5a3ef811cbdc8643c9105a1d34a11') in 0.055724 seconds 
========================================================================
Received Import Request.
  Time since last request: 0.000026 seconds.
  path: Assets/import/Obstacle Pack/Models/ice wall.fbx
  artifactKey: Guid(b4bfa028fd0c24ee49b98222ba053507) Importer(815301076,1909f56bfc062723c751e8b465ee728b)
Start importing Assets/import/Obstacle Pack/Models/ice wall.fbx using Guid(b4bfa028fd0c24ee49b98222ba053507) Importer(815301076,1909f56bfc062723c751e8b465ee728b)  -> (artifact id: '10c33e7741357b42df831b089591fb77') in 0.036715 seconds 
========================================================================
Received Import Request.
  Time since last request: 0.000029 seconds.
  path: Assets/import/Obstacle Pack/Models/obstacle poisonthrower.fbx
  artifactKey: Guid(dfe5eb226798d44d589ec245dd6903cd) Importer(815301076,1909f56bfc062723c751e8b465ee728b)
Start importing Assets/import/Obstacle Pack/Models/obstacle poisonthrower.fbx using Guid(dfe5eb226798d44d589ec245dd6903cd) Importer(815301076,1909f56bfc062723c751e8b465ee728b)  -> (artifact id: '26fa187edf575e50deb55da2c1186f54') in 0.038867 seconds 
========================================================================
Received Import Request.
  Time since last request: 0.000018 seconds.
  path: Assets/import/Obstacle Pack/Models/obstacle spike.fbx
  artifactKey: Guid(204ad0e993e35443c87eb42f81edaed7) Importer(815301076,1909f56bfc062723c751e8b465ee728b)
Start importing Assets/import/Obstacle Pack/Models/obstacle spike.fbx using Guid(204ad0e993e35443c87eb42f81edaed7) Importer(815301076,1909f56bfc062723c751e8b465ee728b)  -> (artifact id: '528811efd4aee216bde349746e72f053') in 0.053787 seconds 
========================================================================
Received Import Request.
  Time since last request: 0.000020 seconds.
  path: Assets/import/Obstacle Pack/Models/barrier.fbx
  artifactKey: Guid(36a75e11c9f6f4032a59f1c5e5203bc2) Importer(815301076,1909f56bfc062723c751e8b465ee728b)
Start importing Assets/import/Obstacle Pack/Models/barrier.fbx using Guid(36a75e11c9f6f4032a59f1c5e5203bc2) Importer(815301076,1909f56bfc062723c751e8b465ee728b)  -> (artifact id: 'f9ba3ff5346fb34ef3980b42f2772bb3') in 0.034148 seconds 
========================================================================
Received Import Request.
  Time since last request: 0.000020 seconds.
  path: Assets/import/Obstacle Pack/Models/Bomb.fbx
  artifactKey: Guid(3c47550989e8e47859e785a4893523e6) Importer(815301076,1909f56bfc062723c751e8b465ee728b)
Start importing Assets/import/Obstacle Pack/Models/Bomb.fbx using Guid(3c47550989e8e47859e785a4893523e6) Importer(815301076,1909f56bfc062723c751e8b465ee728b)  -> (artifact id: '9284f3696f81fadb87112097a7028bb4') in 0.040246 seconds 
========================================================================
Received Import Request.
  Time since last request: 0.000018 seconds.
  path: Assets/import/Obstacle Pack/Models/obstacle log.fbx
  artifactKey: Guid(a8b912138c46e499bb6275b97450d433) Importer(815301076,1909f56bfc062723c751e8b465ee728b)
Start importing Assets/import/Obstacle Pack/Models/obstacle log.fbx using Guid(a8b912138c46e499bb6275b97450d433) Importer(815301076,1909f56bfc062723c751e8b465ee728b)  -> (artifact id: '3817e383d73e19c4d5bf63b8df992823') in 0.052260 seconds 
========================================================================
Received Import Request.
  Time since last request: 0.000023 seconds.
  path: Assets/import/Obstacle Pack/Models/obstacle spikewall.fbx
  artifactKey: Guid(f0b363472b08d4612ab5ec09bea39817) Importer(815301076,1909f56bfc062723c751e8b465ee728b)
Start importing Assets/import/Obstacle Pack/Models/obstacle spikewall.fbx using Guid(f0b363472b08d4612ab5ec09bea39817) Importer(815301076,1909f56bfc062723c751e8b465ee728b)  -> (artifact id: 'd51c8d0cb0cf4216275310b9c51a34d1') in 0.039531 seconds 
========================================================================
Received Import Request.
  Time since last request: 0.000027 seconds.
  path: Assets/import/Obstacle Pack/Models/puchn_trap.fbx
  artifactKey: Guid(7877a047dc9664336a19ff55159ae6ba) Importer(815301076,1909f56bfc062723c751e8b465ee728b)
Start importing Assets/import/Obstacle Pack/Models/puchn_trap.fbx using Guid(7877a047dc9664336a19ff55159ae6ba) Importer(815301076,1909f56bfc062723c751e8b465ee728b)  -> (artifact id: '6533b0cf5d22acc37c9eb9da1690cb65') in 0.102342 seconds 
========================================================================
Received Import Request.
  Time since last request: 0.000020 seconds.
  path: Assets/import/Obstacle Pack/Models/barrier2.fbx
  artifactKey: Guid(6b7381b65278648049dcc0ee075a7eb1) Importer(815301076,1909f56bfc062723c751e8b465ee728b)
Start importing Assets/import/Obstacle Pack/Models/barrier2.fbx using Guid(6b7381b65278648049dcc0ee075a7eb1) Importer(815301076,1909f56bfc062723c751e8b465ee728b)  -> (artifact id: '07628753dde9a4887f43aa0389d7f47b') in 0.038786 seconds 
========================================================================
Received Import Request.
  Time since last request: 0.000019 seconds.
  path: Assets/import/Obstacle Pack/Models/Barrel.fbx
  artifactKey: Guid(52e26d33b8b52409482f49a688e7110f) Importer(815301076,1909f56bfc062723c751e8b465ee728b)
Start importing Assets/import/Obstacle Pack/Models/Barrel.fbx using Guid(52e26d33b8b52409482f49a688e7110f) Importer(815301076,1909f56bfc062723c751e8b465ee728b)  -> (artifact id: 'b0128b4d990a51a48c1f9afda11bbb81') in 0.039135 seconds 
========================================================================
Received Import Request.
  Time since last request: 0.000020 seconds.
  path: Assets/import/Obstacle Pack/Models/obstacle crossbow.fbx
  artifactKey: Guid(238d494384fcb4343b8b133e91880644) Importer(815301076,1909f56bfc062723c751e8b465ee728b)
Start importing Assets/import/Obstacle Pack/Models/obstacle crossbow.fbx using Guid(238d494384fcb4343b8b133e91880644) Importer(815301076,1909f56bfc062723c751e8b465ee728b)  -> (artifact id: 'e5422070ed8b62e0201b53788fdc360e') in 0.055695 seconds 
========================================================================
Received Import Request.
  Time since last request: 0.000023 seconds.
  path: Assets/import/Obstacle Pack/Models/flamethrower.fbx
  artifactKey: Guid(64ff4cf4c90094388a380f91080c7511) Importer(815301076,1909f56bfc062723c751e8b465ee728b)
Start importing Assets/import/Obstacle Pack/Models/flamethrower.fbx using Guid(64ff4cf4c90094388a380f91080c7511) Importer(815301076,1909f56bfc062723c751e8b465ee728b)  -> (artifact id: '81fd499271add85d61962e5d07f3b6f5') in 0.034640 seconds 
========================================================================
Received Import Request.
  Time since last request: 1.338617 seconds.
  path: Assets/import/Obstacle Pack/Prefabs
  artifactKey: Guid(17a70bba9f87d4b609086d8c1243a129) Importer(815301076,1909f56bfc062723c751e8b465ee728b)
Start importing Assets/import/Obstacle Pack/Prefabs using Guid(17a70bba9f87d4b609086d8c1243a129) Importer(815301076,1909f56bfc062723c751e8b465ee728b)  -> (artifact id: 'fa17db89f43b1ae9eeb180f1c4a204f9') in 0.015378 seconds 
========================================================================
Received Import Request.
  Time since last request: 0.246045 seconds.
  path: Assets/import/Obstacle Pack/Prefabs/barrier.prefab
  artifactKey: Guid(4296e912923414867b933c5a38ee788b) Importer(815301076,1909f56bfc062723c751e8b465ee728b)
Start importing Assets/import/Obstacle Pack/Prefabs/barrier.prefab using Guid(4296e912923414867b933c5a38ee788b) Importer(815301076,1909f56bfc062723c751e8b465ee728b)  -> (artifact id: '77d46073203a2639387c56ff06310fcf') in 0.196024 seconds 
========================================================================
Received Import Request.
  Time since last request: 0.000026 seconds.
  path: Assets/import/Obstacle Pack/Prefabs/obstacle crossbow.prefab
  artifactKey: Guid(831e77e5a064448eaa8f8736e96155b8) Importer(815301076,1909f56bfc062723c751e8b465ee728b)
Start importing Assets/import/Obstacle Pack/Prefabs/obstacle crossbow.prefab using Guid(831e77e5a064448eaa8f8736e96155b8) Importer(815301076,1909f56bfc062723c751e8b465ee728b)  -> (artifact id: '74fdacaadbc281c0626027781e3ed0e4') in 0.023481 seconds 
========================================================================
Received Import Request.
  Time since last request: 0.000196 seconds.
  path: Assets/import/Obstacle Pack/Prefabs/blade.prefab
  artifactKey: Guid(fc7cb1d5377e844578db581b509d3721) Importer(815301076,1909f56bfc062723c751e8b465ee728b)
Start importing Assets/import/Obstacle Pack/Prefabs/blade.prefab using Guid(fc7cb1d5377e844578db581b509d3721) Importer(815301076,1909f56bfc062723c751e8b465ee728b)  -> (artifact id: '4df307b017a9b39303facb2cb69d19e6') in 0.092712 seconds 
========================================================================
Received Import Request.
  Time since last request: 0.000024 seconds.
  path: Assets/import/Obstacle Pack/Prefabs/log_trap2.prefab
  artifactKey: Guid(209f57d62745844509914fb24a2ccff7) Importer(815301076,1909f56bfc062723c751e8b465ee728b)
Start importing Assets/import/Obstacle Pack/Prefabs/log_trap2.prefab using Guid(209f57d62745844509914fb24a2ccff7) Importer(815301076,1909f56bfc062723c751e8b465ee728b)  -> (artifact id: 'e3e4f3fc9bf4ba2d10288ddb8084fc98') in 0.023676 seconds 
========================================================================
Received Import Request.
  Time since last request: 0.000020 seconds.
  path: Assets/import/Obstacle Pack/Prefabs/obstacle poisonthrower.prefab
  artifactKey: Guid(6173ac709756c400e9f7a0b9932f6e0e) Importer(815301076,1909f56bfc062723c751e8b465ee728b)
Start importing Assets/import/Obstacle Pack/Prefabs/obstacle poisonthrower.prefab using Guid(6173ac709756c400e9f7a0b9932f6e0e) Importer(815301076,1909f56bfc062723c751e8b465ee728b)  -> (artifact id: 'd5fd687b1151d31c9725eac8020ff926') in 0.039878 seconds 
========================================================================
Received Import Request.
  Time since last request: 0.000017 seconds.
  path: Assets/import/Obstacle Pack/Prefabs/PressTrap.prefab
  artifactKey: Guid(08ed4b7f6995a43d3baa0b5bea89701f) Importer(815301076,1909f56bfc062723c751e8b465ee728b)
Start importing Assets/import/Obstacle Pack/Prefabs/PressTrap.prefab using Guid(08ed4b7f6995a43d3baa0b5bea89701f) Importer(815301076,1909f56bfc062723c751e8b465ee728b)  -> (artifact id: '03e115b50de71bf0af556f4a1bbffff9') in 0.031759 seconds 
========================================================================
Received Import Request.
  Time since last request: 0.000024 seconds.
  path: Assets/import/Obstacle Pack/Prefabs/blade spinner.prefab
  artifactKey: Guid(287e68d7726d5499f9f7b90ec3635837) Importer(815301076,1909f56bfc062723c751e8b465ee728b)
Start importing Assets/import/Obstacle Pack/Prefabs/blade spinner.prefab using Guid(287e68d7726d5499f9f7b90ec3635837) Importer(815301076,1909f56bfc062723c751e8b465ee728b)  -> (artifact id: 'c1677519a1b63350f46acb1de7b2131e') in 0.026863 seconds 
========================================================================
Received Import Request.
  Time since last request: 0.000034 seconds.
  path: Assets/import/Obstacle Pack/Prefabs/Hammer.prefab
  artifactKey: Guid(816e60df4bc0142b580d4ff43f6035d0) Importer(815301076,1909f56bfc062723c751e8b465ee728b)
Start importing Assets/import/Obstacle Pack/Prefabs/Hammer.prefab using Guid(816e60df4bc0142b580d4ff43f6035d0) Importer(815301076,1909f56bfc062723c751e8b465ee728b)  -> (artifact id: '12ce2f1a81a21c4e8c0d62257e2aba70') in 0.030770 seconds 
========================================================================
Received Import Request.
  Time since last request: 0.000022 seconds.
  path: Assets/import/Obstacle Pack/Prefabs/Bomb.prefab
  artifactKey: Guid(e2103ca562efa49adb23f7a935416c2b) Importer(815301076,1909f56bfc062723c751e8b465ee728b)
Start importing Assets/import/Obstacle Pack/Prefabs/Bomb.prefab using Guid(e2103ca562efa49adb23f7a935416c2b) Importer(815301076,1909f56bfc062723c751e8b465ee728b)  -> (artifact id: '4c0a27918eb0d34e1e92e2fc18da5121') in 0.025612 seconds 
========================================================================
Received Import Request.
  Time since last request: 0.000022 seconds.
  path: Assets/import/Obstacle Pack/Prefabs/obstacle flamethrower.prefab
  artifactKey: Guid(57a4d4bc3f2c541889379a3098b9f7cd) Importer(815301076,1909f56bfc062723c751e8b465ee728b)
Start importing Assets/import/Obstacle Pack/Prefabs/obstacle flamethrower.prefab using Guid(57a4d4bc3f2c541889379a3098b9f7cd) Importer(815301076,1909f56bfc062723c751e8b465ee728b)  -> (artifact id: '556bb3a2b93fb3a21c162e0da4915f60') in 0.023486 seconds 
========================================================================
Received Import Request.
  Time since last request: 0.000049 seconds.
  path: Assets/import/Obstacle Pack/Prefabs/ice wall 2.prefab
  artifactKey: Guid(db577d85972bd4bb285c9ae2209105aa) Importer(815301076,1909f56bfc062723c751e8b465ee728b)
Start importing Assets/import/Obstacle Pack/Prefabs/ice wall 2.prefab using Guid(db577d85972bd4bb285c9ae2209105aa) Importer(815301076,1909f56bfc062723c751e8b465ee728b)  -> (artifact id: '78ec6a5c3d0c762c526e7f445619034d') in 0.025045 seconds 
========================================================================
Received Import Request.
  Time since last request: 0.000018 seconds.
  path: Assets/import/Obstacle Pack/Prefabs/obstacle spike.prefab
  artifactKey: Guid(65d3977a6ff8c48858537ce7c3e8c614) Importer(815301076,1909f56bfc062723c751e8b465ee728b)
Start importing Assets/import/Obstacle Pack/Prefabs/obstacle spike.prefab using Guid(65d3977a6ff8c48858537ce7c3e8c614) Importer(815301076,1909f56bfc062723c751e8b465ee728b)  -> (artifact id: 'c6607efc7b3766f2c24b48eea000628e') in 0.030172 seconds 
========================================================================
Received Import Request.
  Time since last request: 0.000021 seconds.
  path: Assets/import/Obstacle Pack/Prefabs/ice wall.prefab
  artifactKey: Guid(3d9200d81175a46c89f8c1b896927fb5) Importer(815301076,1909f56bfc062723c751e8b465ee728b)
Start importing Assets/import/Obstacle Pack/Prefabs/ice wall.prefab using Guid(3d9200d81175a46c89f8c1b896927fb5) Importer(815301076,1909f56bfc062723c751e8b465ee728b)  -> (artifact id: '331171739b0b1a3c145ffb4280bd4836') in 0.022440 seconds 
========================================================================
Received Import Request.
  Time since last request: 0.000021 seconds.
  path: Assets/import/Obstacle Pack/Prefabs/jump trap.prefab
  artifactKey: Guid(a996689850ef94e298a435bf9600730c) Importer(815301076,1909f56bfc062723c751e8b465ee728b)
Start importing Assets/import/Obstacle Pack/Prefabs/jump trap.prefab using Guid(a996689850ef94e298a435bf9600730c) Importer(815301076,1909f56bfc062723c751e8b465ee728b)  -> (artifact id: '2aa7a82d1e8a3e7146dff3b876cfdffd') in 0.024133 seconds 
========================================================================
Received Import Request.
  Time since last request: 0.000022 seconds.
  path: Assets/import/Obstacle Pack/Prefabs/barrier2.prefab
  artifactKey: Guid(7d976803322a94a5eb9a69ef9a0a4639) Importer(815301076,1909f56bfc062723c751e8b465ee728b)
Start importing Assets/import/Obstacle Pack/Prefabs/barrier2.prefab using Guid(7d976803322a94a5eb9a69ef9a0a4639) Importer(815301076,1909f56bfc062723c751e8b465ee728b)  -> (artifact id: '22622cd303853b4f14b0b6bea615f8d5') in 0.024733 seconds 
========================================================================
Received Import Request.
  Time since last request: 0.000036 seconds.
  path: Assets/import/Obstacle Pack/Prefabs/oil.prefab
  artifactKey: Guid(15d5c323aef854a98bb36b76e8b29e03) Importer(815301076,1909f56bfc062723c751e8b465ee728b)
Start importing Assets/import/Obstacle Pack/Prefabs/oil.prefab using Guid(15d5c323aef854a98bb36b76e8b29e03) Importer(815301076,1909f56bfc062723c751e8b465ee728b)  -> (artifact id: '3c6e4fceddd056ae63b0d62f7b666e32') in 0.026778 seconds 
========================================================================
Received Import Request.
  Time since last request: 0.000018 seconds.
  path: Assets/import/Obstacle Pack/Prefabs/Punch Trap.prefab
  artifactKey: Guid(8b1c138d03b0d43a181900673909cb7a) Importer(815301076,1909f56bfc062723c751e8b465ee728b)
Start importing Assets/import/Obstacle Pack/Prefabs/Punch Trap.prefab using Guid(8b1c138d03b0d43a181900673909cb7a) Importer(815301076,1909f56bfc062723c751e8b465ee728b)  -> (artifact id: '1620c859146878cb461fa960661999a2') in 0.039343 seconds 
========================================================================
Received Import Request.
  Time since last request: 0.000023 seconds.
  path: Assets/import/Obstacle Pack/Prefabs/flamethrower.prefab
  artifactKey: Guid(935873a4929814a659611b6f2160bf6c) Importer(815301076,1909f56bfc062723c751e8b465ee728b)
Start importing Assets/import/Obstacle Pack/Prefabs/flamethrower.prefab using Guid(935873a4929814a659611b6f2160bf6c) Importer(815301076,1909f56bfc062723c751e8b465ee728b)  -> (artifact id: '7f2057d0399f259d2eeec72dbc000aac') in 0.023921 seconds 
========================================================================
Received Import Request.
  Time since last request: 0.000024 seconds.
  path: Assets/import/Obstacle Pack/Prefabs/obstacle log.prefab
  artifactKey: Guid(32abe01246ded4192be13d15892e679c) Importer(815301076,1909f56bfc062723c751e8b465ee728b)
Start importing Assets/import/Obstacle Pack/Prefabs/obstacle log.prefab using Guid(32abe01246ded4192be13d15892e679c) Importer(815301076,1909f56bfc062723c751e8b465ee728b)  -> (artifact id: '635faf2db3541bfae6d96fdfd515f64f') in 0.037910 seconds 
========================================================================
Received Import Request.
  Time since last request: 0.000022 seconds.
  path: Assets/import/Obstacle Pack/Prefabs/obstacle spikewall.prefab
  artifactKey: Guid(8de8ceead497241adbd1c8ea3c2f50d1) Importer(815301076,1909f56bfc062723c751e8b465ee728b)
Start importing Assets/import/Obstacle Pack/Prefabs/obstacle spikewall.prefab using Guid(8de8ceead497241adbd1c8ea3c2f50d1) Importer(815301076,1909f56bfc062723c751e8b465ee728b)  -> (artifact id: 'c87c64e39c7d998fb42a0a2118957ccb') in 0.049581 seconds 
========================================================================
Received Import Request.
  Time since last request: 0.000022 seconds.
  path: Assets/import/Obstacle Pack/Prefabs/log_trap.prefab
  artifactKey: Guid(3be617efde6ad4176bc0c66747635f24) Importer(815301076,1909f56bfc062723c751e8b465ee728b)
Start importing Assets/import/Obstacle Pack/Prefabs/log_trap.prefab using Guid(3be617efde6ad4176bc0c66747635f24) Importer(815301076,1909f56bfc062723c751e8b465ee728b)  -> (artifact id: '54b0b9b4dd09f5c711407f3fcf3c5682') in 0.028584 seconds 
========================================================================
Received Import Request.
  Time since last request: 0.000032 seconds.
  path: Assets/import/Obstacle Pack/Prefabs/spin blade.prefab
  artifactKey: Guid(8b57bc9c835784a5c9d30686ddb7c80c) Importer(815301076,1909f56bfc062723c751e8b465ee728b)
Start importing Assets/import/Obstacle Pack/Prefabs/spin blade.prefab using Guid(8b57bc9c835784a5c9d30686ddb7c80c) Importer(815301076,1909f56bfc062723c751e8b465ee728b)  -> (artifact id: 'a5d148154b0bc3fad441c2a6c803c525') in 0.022679 seconds 
========================================================================
Received Import Request.
  Time since last request: 0.000031 seconds.
  path: Assets/import/Obstacle Pack/Prefabs/obstacle gyotine.prefab
  artifactKey: Guid(0b17c7f38812645138e287963a670f79) Importer(815301076,1909f56bfc062723c751e8b465ee728b)
Start importing Assets/import/Obstacle Pack/Prefabs/obstacle gyotine.prefab using Guid(0b17c7f38812645138e287963a670f79) Importer(815301076,1909f56bfc062723c751e8b465ee728b)  -> (artifact id: '9284ecfa31bb69e2dd40cf7fa3dedf05') in 0.027982 seconds 
========================================================================
Received Import Request.
  Time since last request: 8.222975 seconds.
  path: Assets/import/Obstacle Pack/Models
  artifactKey: Guid(79222b145322448d9994f325451cd9f4) Importer(815301076,1909f56bfc062723c751e8b465ee728b)
Start importing Assets/import/Obstacle Pack/Models using Guid(79222b145322448d9994f325451cd9f4) Importer(815301076,1909f56bfc062723c751e8b465ee728b)  -> (artifact id: 'c085d269267f196f28815bc74cb725f1') in 0.018372 seconds 
========================================================================
Received Import Request.
  Time since last request: 27.678334 seconds.
  path: Assets/Scenes
  artifactKey: Guid(23955f57885b5f6498089cfce73eaa57) Importer(815301076,1909f56bfc062723c751e8b465ee728b)
Start importing Assets/Scenes using Guid(23955f57885b5f6498089cfce73eaa57) Importer(815301076,1909f56bfc062723c751e8b465ee728b)  -> (artifact id: '0c055f836ce27bc014d87acdfb38feec') in 0.015520 seconds 
========================================================================
Received Import Request.
  Time since last request: 1.002218 seconds.
  path: Assets/Scenes/MainMenu.unity
  artifactKey: Guid(9fc0d4010bbf28b4594072e72b8655ab) Importer(815301076,1909f56bfc062723c751e8b465ee728b)
Start importing Assets/Scenes/MainMenu.unity using Guid(9fc0d4010bbf28b4594072e72b8655ab) Importer(815301076,1909f56bfc062723c751e8b465ee728b)  -> (artifact id: 'a5b9658cfc14b9bb0f259236bf9a7060') in 0.017370 seconds 
========================================================================
Received Prepare
Registering precompiled user dll's ...
Registered in 0.004496 seconds.
Begin MonoManager ReloadAssembly
Symbol file LoadedFromMemory doesn't match image S:\git repository\practice-11\Practice - 11\Library\PackageCache\com.unity.visualscripting@1.8.0\Editor\VisualScripting.Core\Dependencies\YamlDotNet\Unity.VisualScripting.YamlDotNet.dll
Symbol file LoadedFromMemory doesn't match image S:\git repository\practice-11\Practice - 11\Library\PackageCache\com.unity.visualscripting@1.8.0\Editor\VisualScripting.Core\Dependencies\DotNetZip\Unity.VisualScripting.IonicZip.dll
Native extension for WindowsStandalone target not found
Native extension for Android target not found
Refreshing native plugins compatible for Editor in 0.67 ms, found 3 plugins.
Preloading 0 native plugins for Editor in 0.00 ms.
Mono: successfully reloaded assembly
- Completed reload, in  1.664 seconds
Domain Reload Profiling:
	ReloadAssembly (1666ms)
		BeginReloadAssembly (210ms)
			ExecutionOrderSort (0ms)
			DisableScriptedObjects (6ms)
			BackupInstance (0ms)
			ReleaseScriptingObjects (0ms)
			CreateAndSetChildDomain (55ms)
		EndReloadAssembly (1328ms)
			LoadAssemblies (137ms)
			RebuildTransferFunctionScriptingTraits (0ms)
			SetupTypeCache (436ms)
			ReleaseScriptCaches (2ms)
			RebuildScriptCaches (85ms)
			SetupLoadedEditorAssemblies (583ms)
				LogAssemblyErrors (0ms)
				InitializePlatformSupportModulesInManaged (42ms)
				SetLoadedEditorAssemblies (1ms)
				RefreshPlugins (2ms)
				BeforeProcessingInitializeOnLoad (111ms)
				ProcessInitializeOnLoadAttributes (372ms)
				ProcessInitializeOnLoadMethodAttributes (39ms)
				AfterProcessingInitializeOnLoad (17ms)
				EditorAssembliesLoaded (0ms)
			ExecutionOrderSort2 (0ms)
			AwakeInstancesAfterBackupRestoration (12ms)
Platform modules already initialized, skipping
Refreshing native plugins compatible for Editor in 2.25 ms, found 3 plugins.
Preloading 0 native plugins for Editor in 0.00 ms.
Unloading 3416 Unused Serialized files (Serialized files now loaded: 0)
Unloading 16 unused Assets / (87.7 KB). Loaded Objects now: 3955.
Memory consumption went from 126.7 MB to 126.6 MB.
Total: 4.740900 ms (FindLiveObjects: 0.622300 ms CreateObjectMapping: 0.638700 ms MarkObjects: 3.305300 ms  DeleteObjects: 0.172700 ms)

AssetImportParameters requested are different than current active one (requested -> active):
  custom:video-decoder-ogg-theora: a1e56fd34408186e4bbccfd4996cb3dc -> 
  custom:container-muxer-webm: aa71ff27fc2769a1b78a27578f13a17b -> 
  custom:container-demuxer-webm: 4f35f7cbe854078d1ac9338744f61a02 -> 
  custom:video-encoder-webm-vp8: eb34c28f22e8b96e1ab97ce403110664 -> 
  custom:audio-encoder-webm-vorbis: bf7c407c2cedff20999df2af8eb42d56 -> 
  custom:framework-win-MediaFoundation: 216162199b28c13a410421893ffa2e32 -> 
  custom:container-demuxer-ogg: 62fdf1f143b41e24485cea50d1cbac27 -> 
  custom:video-decoder-webm-vp8: 9c59270c3fd7afecdb556c50c9e8de78 -> 
  custom:audio-decoder-ogg-vorbis: bf7c407c2cedff20999df2af8eb42d56 -> 
========================================================================
Received Prepare
Registering precompiled user dll's ...
Registered in 0.004531 seconds.
Begin MonoManager ReloadAssembly
Symbol file LoadedFromMemory doesn't match image S:\git repository\practice-11\Practice - 11\Library\PackageCache\com.unity.visualscripting@1.8.0\Editor\VisualScripting.Core\Dependencies\YamlDotNet\Unity.VisualScripting.YamlDotNet.dll
Symbol file LoadedFromMemory doesn't match image S:\git repository\practice-11\Practice - 11\Library\PackageCache\com.unity.visualscripting@1.8.0\Editor\VisualScripting.Core\Dependencies\DotNetZip\Unity.VisualScripting.IonicZip.dll
Native extension for WindowsStandalone target not found
Native extension for Android target not found
Refreshing native plugins compatible for Editor in 0.78 ms, found 3 plugins.
Preloading 0 native plugins for Editor in 0.00 ms.
Mono: successfully reloaded assembly
- Completed reload, in  1.582 seconds
Domain Reload Profiling:
	ReloadAssembly (1583ms)
		BeginReloadAssembly (194ms)
			ExecutionOrderSort (0ms)
			DisableScriptedObjects (8ms)
			BackupInstance (0ms)
			ReleaseScriptingObjects (0ms)
			CreateAndSetChildDomain (46ms)
		EndReloadAssembly (1268ms)
			LoadAssemblies (127ms)
			RebuildTransferFunctionScriptingTraits (0ms)
			SetupTypeCache (373ms)
			ReleaseScriptCaches (3ms)
			RebuildScriptCaches (86ms)
			SetupLoadedEditorAssemblies (590ms)
				LogAssemblyErrors (0ms)
				InitializePlatformSupportModulesInManaged (38ms)
				SetLoadedEditorAssemblies (2ms)
				RefreshPlugins (1ms)
				BeforeProcessingInitializeOnLoad (120ms)
				ProcessInitializeOnLoadAttributes (374ms)
				ProcessInitializeOnLoadMethodAttributes (38ms)
				AfterProcessingInitializeOnLoad (16ms)
				EditorAssembliesLoaded (2ms)
			ExecutionOrderSort2 (0ms)
			AwakeInstancesAfterBackupRestoration (11ms)
Platform modules already initialized, skipping
Refreshing native plugins compatible for Editor in 9.17 ms, found 3 plugins.
Preloading 0 native plugins for Editor in 0.00 ms.
Unloading 3416 Unused Serialized files (Serialized files now loaded: 0)
Unloading 16 unused Assets / (87.5 KB). Loaded Objects now: 3958.
Memory consumption went from 126.7 MB to 126.6 MB.
Total: 3.560600 ms (FindLiveObjects: 0.298200 ms CreateObjectMapping: 0.461800 ms MarkObjects: 2.691500 ms  DeleteObjects: 0.108000 ms)

AssetImportParameters requested are different than current active one (requested -> active):
  custom:video-decoder-ogg-theora: a1e56fd34408186e4bbccfd4996cb3dc -> 
  custom:container-muxer-webm: aa71ff27fc2769a1b78a27578f13a17b -> 
  custom:container-demuxer-webm: 4f35f7cbe854078d1ac9338744f61a02 -> 
  custom:video-encoder-webm-vp8: eb34c28f22e8b96e1ab97ce403110664 -> 
  custom:audio-encoder-webm-vorbis: bf7c407c2cedff20999df2af8eb42d56 -> 
  custom:framework-win-MediaFoundation: 216162199b28c13a410421893ffa2e32 -> 
  custom:container-demuxer-ogg: 62fdf1f143b41e24485cea50d1cbac27 -> 
  custom:video-decoder-webm-vp8: 9c59270c3fd7afecdb556c50c9e8de78 -> 
  custom:audio-decoder-ogg-vorbis: bf7c407c2cedff20999df2af8eb42d56 -> 
========================================================================
Received Import Request.
  Time since last request: 143.462422 seconds.
  path: Assets/import/Obstacle Pack/Scenes
  artifactKey: Guid(9850237213159487fb0e4ffead4acac3) Importer(815301076,1909f56bfc062723c751e8b465ee728b)
Start importing Assets/import/Obstacle Pack/Scenes using Guid(9850237213159487fb0e4ffead4acac3) Importer(815301076,1909f56bfc062723c751e8b465ee728b)  -> (artifact id: 'b55a18b0c0237fb2b9353369db8ddc2d') in 0.018309 seconds 
========================================================================
Received Import Request.
  Time since last request: 0.047893 seconds.
  path: Assets/import/Obstacle Pack/Scenes/Global Volume Profile.asset
  artifactKey: Guid(34bb827adcfd94f9e80683ec9f077d59) Importer(815301076,1909f56bfc062723c751e8b465ee728b)
Start importing Assets/import/Obstacle Pack/Scenes/Global Volume Profile.asset using Guid(34bb827adcfd94f9e80683ec9f077d59) Importer(815301076,1909f56bfc062723c751e8b465ee728b)  -> (artifact id: 'ca33055e78bdda894a7e7c1a18188bb0') in 0.024234 seconds 
========================================================================
Received Import Request.
  Time since last request: 6.826201 seconds.
  path: Assets/import/Obstacle Pack/Scenes/Demo Scene.unity
  artifactKey: Guid(1eae927eb1eb841058ac2ae0ccc7d90d) Importer(815301076,1909f56bfc062723c751e8b465ee728b)
Start importing Assets/import/Obstacle Pack/Scenes/Demo Scene.unity using Guid(1eae927eb1eb841058ac2ae0ccc7d90d) Importer(815301076,1909f56bfc062723c751e8b465ee728b)  -> (artifact id: '6d91813ba50561e5259625f22dadeb41') in 0.016417 seconds 
========================================================================
Received Import Request.
  Time since last request: 17.905436 seconds.
  path: Assets/import/Obstacle Pack/Scenes/SampleSceneLightingSettings.lighting
  artifactKey: Guid(477cc4148fad3449482a3bc3178594e2) Importer(815301076,1909f56bfc062723c751e8b465ee728b)
Start importing Assets/import/Obstacle Pack/Scenes/SampleSceneLightingSettings.lighting using Guid(477cc4148fad3449482a3bc3178594e2) Importer(815301076,1909f56bfc062723c751e8b465ee728b)  -> (artifact id: '777debff80943c731a4945329bf9e693') in 0.031971 seconds 
========================================================================
Received Import Request.
  Time since last request: 25.296163 seconds.
  path: Assets/import
  artifactKey: Guid(13b036e60c3a17b49ac448dfe621cf45) Importer(815301076,1909f56bfc062723c751e8b465ee728b)
Start importing Assets/import using Guid(13b036e60c3a17b49ac448dfe621cf45) Importer(815301076,1909f56bfc062723c751e8b465ee728b)  -> (artifact id: '8e862133e2770c1ab556ca51af26986c') in 0.014934 seconds 
========================================================================
Received Import Request.
  Time since last request: 2.565300 seconds.
  path: Assets/import/Obstacle Pack
  artifactKey: Guid(1b0802237e5179a4e8dd037ae9a0603c) Importer(815301076,1909f56bfc062723c751e8b465ee728b)
Start importing Assets/import/Obstacle Pack using Guid(1b0802237e5179a4e8dd037ae9a0603c) Importer(815301076,1909f56bfc062723c751e8b465ee728b)  -> (artifact id: 'ece2e21914fa65dd06097c0aa703e6e4') in 0.014503 seconds 
========================================================================
Received Import Request.
  Time since last request: 13.658566 seconds.
  path: Assets/import/Obstacle Pack/Materials-Pallettes
  artifactKey: Guid(d0234ba368eeec9418390da711bfdad0) Importer(815301076,1909f56bfc062723c751e8b465ee728b)
Start importing Assets/import/Obstacle Pack/Materials-Pallettes using Guid(d0234ba368eeec9418390da711bfdad0) Importer(815301076,1909f56bfc062723c751e8b465ee728b)  -> (artifact id: '4f2226a0a4f2da810c88f2efed99755f') in 0.017797 seconds 
========================================================================
Received Import Request.
  Time since last request: 0.043524 seconds.
  path: Assets/import/Obstacle Pack/Materials-Pallettes/ground one.mat
  artifactKey: Guid(122074e438714431c97c8f636d39e55f) Importer(815301076,1909f56bfc062723c751e8b465ee728b)
Start importing Assets/import/Obstacle Pack/Materials-Pallettes/ground one.mat using Guid(122074e438714431c97c8f636d39e55f) Importer(815301076,1909f56bfc062723c751e8b465ee728b)  -> (artifact id: 'a0c729426cda69c09b9e203e1b4138cc') in 0.159438 seconds 
========================================================================
Received Import Request.
  Time since last request: 0.000054 seconds.
  path: Assets/import/Obstacle Pack/Materials-Pallettes/palette.mat
  artifactKey: Guid(4017902909a9b4d5895a29e6ab6f0c1a) Importer(815301076,1909f56bfc062723c751e8b465ee728b)
Start importing Assets/import/Obstacle Pack/Materials-Pallettes/palette.mat using Guid(4017902909a9b4d5895a29e6ab6f0c1a) Importer(815301076,1909f56bfc062723c751e8b465ee728b)  -> (artifact id: '3b42aba731f066f024ddd594e432f515') in 0.024154 seconds 
========================================================================
Received Import Request.
  Time since last request: 0.000026 seconds.
  path: Assets/import/Obstacle Pack/Materials-Pallettes/Skybox_Mat.mat
  artifactKey: Guid(0ffaa0b7117ba8c47a9d05ae701d4b4d) Importer(815301076,1909f56bfc062723c751e8b465ee728b)
Start importing Assets/import/Obstacle Pack/Materials-Pallettes/Skybox_Mat.mat using Guid(0ffaa0b7117ba8c47a9d05ae701d4b4d) Importer(815301076,1909f56bfc062723c751e8b465ee728b)  -> (artifact id: 'f80b45cbc27f4f834f7e86e14ccbf242') in 0.122737 seconds 
========================================================================
Received Import Request.
  Time since last request: 0.000058 seconds.
  path: Assets/import/Obstacle Pack/Materials-Pallettes/Ground.mat
  artifactKey: Guid(719feef894ba44b3ea7e0bb0685fb67e) Importer(815301076,1909f56bfc062723c751e8b465ee728b)
Start importing Assets/import/Obstacle Pack/Materials-Pallettes/Ground.mat using Guid(719feef894ba44b3ea7e0bb0685fb67e) Importer(815301076,1909f56bfc062723c751e8b465ee728b)  -> (artifact id: 'a3d3ae897e2c1eb498984d72fa2f0610') in 0.022466 seconds 
========================================================================
Received Import Request.
  Time since last request: 0.000025 seconds.
  path: Assets/import/Obstacle Pack/Materials-Pallettes/my palette.png
  artifactKey: Guid(f0a7fcee2a876463b9eeedfbff5a2956) Importer(815301076,1909f56bfc062723c751e8b465ee728b)
Start importing Assets/import/Obstacle Pack/Materials-Pallettes/my palette.png using Guid(f0a7fcee2a876463b9eeedfbff5a2956) Importer(815301076,1909f56bfc062723c751e8b465ee728b)  -> (artifact id: 'cbd6012b1111ff68bf2cce35456c3227') in 0.144870 seconds 
========================================================================
Received Import Request.
  Time since last request: 25.573774 seconds.
  path: Assets/pictures
  artifactKey: Guid(191e332234b1679419de70c6978aa19b) Importer(815301076,1909f56bfc062723c751e8b465ee728b)
Start importing Assets/pictures using Guid(191e332234b1679419de70c6978aa19b) Importer(815301076,1909f56bfc062723c751e8b465ee728b)  -> (artifact id: '3ba537b7a5344a750b1285057ad31398') in 0.014406 seconds 
========================================================================
Received Import Request.
  Time since last request: 0.050424 seconds.
  path: Assets/pictures/pexels-inspiredimages-132477.jpg
  artifactKey: Guid(c5d359838d0e3604badf3e9c17bfd9fa) Importer(815301076,1909f56bfc062723c751e8b465ee728b)
Start importing Assets/pictures/pexels-inspiredimages-132477.jpg using Guid(c5d359838d0e3604badf3e9c17bfd9fa) Importer(815301076,1909f56bfc062723c751e8b465ee728b)  -> (artifact id: 'a758ca5597bc160ed9d72cb776d0f7d1') in 0.296482 seconds 
========================================================================
Received Import Request.
  Time since last request: 6.564191 seconds.
  path: Assets/Mateeials
  artifactKey: Guid(1990c919575a7894f9ba9c1184091b9d) Importer(815301076,1909f56bfc062723c751e8b465ee728b)
Start importing Assets/Mateeials using Guid(1990c919575a7894f9ba9c1184091b9d) Importer(815301076,1909f56bfc062723c751e8b465ee728b)  -> (artifact id: 'ebcae08ba6eb3c0a5bec9f3f04052cb5') in 0.016300 seconds 
========================================================================
Received Import Request.
  Time since last request: 0.063485 seconds.
  path: Assets/Mateeials/BloodFabric01.png
  artifactKey: Guid(49fd0b74333f1c54e8560c8e985419ab) Importer(815301076,1909f56bfc062723c751e8b465ee728b)
Start importing Assets/Mateeials/BloodFabric01.png using Guid(49fd0b74333f1c54e8560c8e985419ab) Importer(815301076,1909f56bfc062723c751e8b465ee728b)  -> (artifact id: '1b73d234fe5d04933f07a6d5ecade901') in 0.364347 seconds 
========================================================================
Received Import Request.
  Time since last request: 0.000023 seconds.
  path: Assets/Mateeials/Floor.mat
  artifactKey: Guid(f585b85f89329cc48bf45c36ccbc0283) Importer(815301076,1909f56bfc062723c751e8b465ee728b)
Start importing Assets/Mateeials/Floor.mat using Guid(f585b85f89329cc48bf45c36ccbc0283) Importer(815301076,1909f56bfc062723c751e8b465ee728b)  -> (artifact id: '40f2cde21a4ec63861870c8478659f81') in 0.028184 seconds 
========================================================================
Received Import Request.
  Time since last request: 0.000028 seconds.
  path: Assets/Mateeials/New Material 4.mat
  artifactKey: Guid(9e9e13aed91aa194f9d8ee468604fd6a) Importer(815301076,1909f56bfc062723c751e8b465ee728b)
Start importing Assets/Mateeials/New Material 4.mat using Guid(9e9e13aed91aa194f9d8ee468604fd6a) Importer(815301076,1909f56bfc062723c751e8b465ee728b)  -> (artifact id: 'c35e6a746d29379531db37dcf19051ca') in 0.118969 seconds 
========================================================================
Received Import Request.
  Time since last request: 0.000035 seconds.
  path: Assets/Mateeials/PlayerMaterial.physicMaterial
  artifactKey: Guid(c0537e3edfd8f274e977e387c6f16cf9) Importer(815301076,1909f56bfc062723c751e8b465ee728b)
Start importing Assets/Mateeials/PlayerMaterial.physicMaterial using Guid(c0537e3edfd8f274e977e387c6f16cf9) Importer(815301076,1909f56bfc062723c751e8b465ee728b)  -> (artifact id: 'bccf11db9b89fa8870abd096241bb643') in 0.017110 seconds 
========================================================================
Received Import Request.
  Time since last request: 0.000043 seconds.
  path: Assets/Mateeials/New Material 2.mat
  artifactKey: Guid(9d71652800575d7478463016820b73e8) Importer(815301076,1909f56bfc062723c751e8b465ee728b)
Start importing Assets/Mateeials/New Material 2.mat using Guid(9d71652800575d7478463016820b73e8) Importer(815301076,1909f56bfc062723c751e8b465ee728b)  -> (artifact id: 'ca49d32441c386585d82d561b80eec54') in 0.024175 seconds 
========================================================================
Received Import Request.
  Time since last request: 0.000022 seconds.
  path: Assets/Mateeials/New Material.mat
  artifactKey: Guid(a0dae18ab4f335c43aad5aef46f4fabd) Importer(815301076,1909f56bfc062723c751e8b465ee728b)
Start importing Assets/Mateeials/New Material.mat using Guid(a0dae18ab4f335c43aad5aef46f4fabd) Importer(815301076,1909f56bfc062723c751e8b465ee728b)  -> (artifact id: 'bb4544dbadbd4da235d450b6e754955a') in 0.281913 seconds 
========================================================================
Received Import Request.
  Time since last request: 0.000023 seconds.
  path: Assets/Mateeials/New Material 3.mat
  artifactKey: Guid(91c9238b3746dc3468e5f22207d6ef00) Importer(815301076,1909f56bfc062723c751e8b465ee728b)
Start importing Assets/Mateeials/New Material 3.mat using Guid(91c9238b3746dc3468e5f22207d6ef00) Importer(815301076,1909f56bfc062723c751e8b465ee728b)  -> (artifact id: '45204660ac9023e839b1a70b2b6a55d2') in 0.025304 seconds 
========================================================================
Received Import Request.
  Time since last request: 0.000036 seconds.
  path: Assets/Mateeials/BloodFabric05.png
  artifactKey: Guid(aad1a3f66f8478749ba9621df1e01d38) Importer(815301076,1909f56bfc062723c751e8b465ee728b)
Start importing Assets/Mateeials/BloodFabric05.png using Guid(aad1a3f66f8478749ba9621df1e01d38) Importer(815301076,1909f56bfc062723c751e8b465ee728b)  -> (artifact id: '25a4fb93145ad837980af6c061e9a9a3') in 0.319730 seconds 
========================================================================
Received Import Request.
  Time since last request: 0.000023 seconds.
  path: Assets/Mateeials/BloodFabric06.png
  artifactKey: Guid(856662e3290dc524eaf6fd6e8c07f60c) Importer(815301076,1909f56bfc062723c751e8b465ee728b)
Start importing Assets/Mateeials/BloodFabric06.png using Guid(856662e3290dc524eaf6fd6e8c07f60c) Importer(815301076,1909f56bfc062723c751e8b465ee728b)  -> (artifact id: '61e95c529b78385275d0eeceed1f0d76') in 0.026153 seconds 
========================================================================
Received Import Request.
  Time since last request: 0.000028 seconds.
  path: Assets/Mateeials/New Material 1.mat
  artifactKey: Guid(664582bb1b6888841ab1f9b00208fd41) Importer(815301076,1909f56bfc062723c751e8b465ee728b)
Start importing Assets/Mateeials/New Material 1.mat using Guid(664582bb1b6888841ab1f9b00208fd41) Importer(815301076,1909f56bfc062723c751e8b465ee728b)  -> (artifact id: '00c3c28cfceb291d7153f2d1c2a1f820') in 0.024014 seconds 
========================================================================
Received Import Request.
  Time since last request: 0.000019 seconds.
  path: Assets/Mateeials/Flame Texture PNG Transparent, Flame Creation Texture, Gradient, Flame, Texture PNG Image For Free Download.png
  artifactKey: Guid(0b7d586e8fec5d844bf1908ae01762ad) Importer(815301076,1909f56bfc062723c751e8b465ee728b)
Start importing Assets/Mateeials/Flame Texture PNG Transparent, Flame Creation Texture, Gradient, Flame, Texture PNG Image For Free Download.png using Guid(0b7d586e8fec5d844bf1908ae01762ad) Importer(815301076,1909f56bfc062723c751e8b465ee728b)  -> (artifact id: 'a706f673af04d4ff4e9168224214fa09') in 0.040481 seconds 
========================================================================
Received Import Request.
  Time since last request: 0.000023 seconds.
  path: Assets/Mateeials/eaa9ab63-6b41-4681-8e85-73a9c0ced942.png
  artifactKey: Guid(87155d440e795d54584aaf8facde8b41) Importer(815301076,1909f56bfc062723c751e8b465ee728b)
Start importing Assets/Mateeials/eaa9ab63-6b41-4681-8e85-73a9c0ced942.png using Guid(87155d440e795d54584aaf8facde8b41) Importer(815301076,1909f56bfc062723c751e8b465ee728b)  -> (artifact id: 'c46fa7c7ce6f2d8669680ee94d2f9030') in 0.048061 seconds 
========================================================================
Received Import Request.
  Time since last request: 25.025400 seconds.
  path: Assets/Mateeials/Materials
  artifactKey: Guid(498251e7edd81ac499651a8bac77ad7a) Importer(815301076,1909f56bfc062723c751e8b465ee728b)
Start importing Assets/Mateeials/Materials using Guid(498251e7edd81ac499651a8bac77ad7a) Importer(815301076,1909f56bfc062723c751e8b465ee728b)  -> (artifact id: '9a364ebd3a49246921de1428de1f6ca9') in 0.019579 seconds 
========================================================================
Received Import Request.
  Time since last request: 5.438672 seconds.
  path: Assets/Scriptrs
  artifactKey: Guid(9695b58a4fada474b98e5cce383fcc5b) Importer(815301076,1909f56bfc062723c751e8b465ee728b)
Start importing Assets/Scriptrs using Guid(9695b58a4fada474b98e5cce383fcc5b) Importer(815301076,1909f56bfc062723c751e8b465ee728b)  -> (artifact id: '865110fe6bceab6d0bf979786d23e503') in 0.018873 seconds 
